[    0.000000] Linux version 4.15.0-162-generic (buildd@lcy01-amd64-007) (gcc version 7.5.0 (Ubuntu 7.5.0-3ubuntu1~18.04)) #170-Ubuntu SMP Mon Oct 18 11:38:05 UTC 2021 (Ubuntu 4.15.0-162.170-generic 4.15.18)
[    0.000000] Command line: BOOT_IMAGE=/boot/vmlinuz-4.15.0-162-generic root=LABEL=cloudimg-rootfs ro console=tty1 console=ttyS0
[    0.000000] KERNEL supported cpus:
[    0.000000]   Intel GenuineIntel
[    0.000000]   AMD AuthenticAMD
[    0.000000]   Centaur CentaurHauls
[    0.000000] x86/fpu: x87 FPU will use FXSAVE
[    0.000000] e820: BIOS-provided physical RAM map:
[    0.000000] BIOS-e820: [mem 0x0000000000000000-0x000000000009fbff] usable
[    0.000000] BIOS-e820: [mem 0x000000000009fc00-0x000000000009ffff] reserved
[    0.000000] BIOS-e820: [mem 0x00000000000f0000-0x00000000000fffff] reserved
[    0.000000] BIOS-e820: [mem 0x0000000000100000-0x000000007ffeffff] usable
[    0.000000] BIOS-e820: [mem 0x000000007fff0000-0x000000007fffffff] ACPI data
[    0.000000] BIOS-e820: [mem 0x00000000fec00000-0x00000000fec00fff] reserved
[    0.000000] BIOS-e820: [mem 0x00000000fee00000-0x00000000fee00fff] reserved
[    0.000000] BIOS-e820: [mem 0x00000000fffc0000-0x00000000ffffffff] reserved
[    0.000000] NX (Execute Disable) protection: active
[    0.000000] SMBIOS 2.5 present.
[    0.000000] DMI: innotek GmbH VirtualBox/VirtualBox, BIOS VirtualBox 12/01/2006
[    0.000000] Hypervisor detected: KVM
[    0.000000] e820: last_pfn = 0x7fff0 max_arch_pfn = 0x400000000
[    0.000000] MTRR: Disabled
[    0.000000] x86/PAT: MTRRs disabled, skipping PAT initialization too.
[    0.000000] CPU MTRRs all blank - virtualized system.
[    0.000000] x86/PAT: Configuration [0-7]: WB  WT  UC- UC  WB  WT  UC- UC  
[    0.000000] found SMP MP-table at [mem 0x0009fff0-0x0009ffff]
[    0.000000] Scanning 1 areas for low memory corruption
[    0.000000] RAMDISK: [mem 0x359cd000-0x36cddfff]
[    0.000000] ACPI: Early table checksum verification disabled
[    0.000000] ACPI: RSDP 0x00000000000E0000 000024 (v02 VBOX  )
[    0.000000] ACPI: XSDT 0x000000007FFF0030 00003C (v01 VBOX   VBOXXSDT 00000001 ASL  00000061)
[    0.000000] ACPI: FACP 0x000000007FFF00F0 0000F4 (v04 VBOX   VBOXFACP 00000001 ASL  00000061)
[    0.000000] ACPI: DSDT 0x000000007FFF0470 002325 (v02 VBOX   VBOXBIOS 00000002 INTL 20100528)
[    0.000000] ACPI: FACS 0x000000007FFF0200 000040
[    0.000000] ACPI: FACS 0x000000007FFF0200 000040
[    0.000000] ACPI: APIC 0x000000007FFF0240 00005C (v02 VBOX   VBOXAPIC 00000001 ASL  00000061)
[    0.000000] ACPI: SSDT 0x000000007FFF02A0 0001CC (v01 VBOX   VBOXCPUT 00000002 INTL 20100528)
[    0.000000] ACPI: Reserving FACP table memory at [mem 0x7fff00f0-0x7fff01e3]
[    0.000000] ACPI: Reserving DSDT table memory at [mem 0x7fff0470-0x7fff2794]
[    0.000000] ACPI: Reserving FACS table memory at [mem 0x7fff0200-0x7fff023f]
[    0.000000] ACPI: Reserving FACS table memory at [mem 0x7fff0200-0x7fff023f]
[    0.000000] ACPI: Reserving APIC table memory at [mem 0x7fff0240-0x7fff029b]
[    0.000000] ACPI: Reserving SSDT table memory at [mem 0x7fff02a0-0x7fff046b]
[    0.000000] No NUMA configuration found
[    0.000000] Faking a node at [mem 0x0000000000000000-0x000000007ffeffff]
[    0.000000] NODE_DATA(0) allocated [mem 0x7ffc5000-0x7ffeffff]
[    0.000000] kvm-clock: cpu 0, msr 0:7ff44001, primary cpu clock
[    0.000000] kvm-clock: Using msrs 4b564d01 and 4b564d00
[    0.000000] kvm-clock: using sched offset of 8970625062 cycles
[    0.000000] clocksource: kvm-clock: mask: 0xffffffffffffffff max_cycles: 0x1cd42e4dffb, max_idle_ns: 881590591483 ns
[    0.000000] Zone ranges:
[    0.000000]   DMA      [mem 0x0000000000001000-0x0000000000ffffff]
[    0.000000]   DMA32    [mem 0x0000000001000000-0x000000007ffeffff]
[    0.000000]   Normal   empty
[    0.000000]   Device   empty
[    0.000000] Movable zone start for each node
[    0.000000] Early memory node ranges
[    0.000000]   node   0: [mem 0x0000000000001000-0x000000000009efff]
[    0.000000]   node   0: [mem 0x0000000000100000-0x000000007ffeffff]
[    0.000000] Reserved but unavailable: 104 pages
[    0.000000] Initmem setup node 0 [mem 0x0000000000001000-0x000000007ffeffff]
[    0.000000] ACPI: PM-Timer IO Port: 0x4008
[    0.000000] IOAPIC[0]: apic_id 2, version 32, address 0xfec00000, GSI 0-23
[    0.000000] ACPI: INT_SRC_OVR (bus 0 bus_irq 0 global_irq 2 dfl dfl)
[    0.000000] ACPI: INT_SRC_OVR (bus 0 bus_irq 9 global_irq 9 low level)
[    0.000000] Using ACPI (MADT) for SMP configuration information
[    0.000000] smpboot: Allowing 2 CPUs, 0 hotplug CPUs
[    0.000000] PM: Registered nosave memory: [mem 0x00000000-0x00000fff]
[    0.000000] PM: Registered nosave memory: [mem 0x0009f000-0x0009ffff]
[    0.000000] PM: Registered nosave memory: [mem 0x000a0000-0x000effff]
[    0.000000] PM: Registered nosave memory: [mem 0x000f0000-0x000fffff]
[    0.000000] e820: [mem 0x80000000-0xfebfffff] available for PCI devices
[    0.000000] Booting paravirtualized kernel on KVM
[    0.000000] clocksource: refined-jiffies: mask: 0xffffffff max_cycles: 0xffffffff, max_idle_ns: 7645519600211568 ns
[    0.000000] random: get_random_bytes called from start_kernel+0x99/0x500 with crng_init=0
[    0.000000] setup_percpu: NR_CPUS:8192 nr_cpumask_bits:2 nr_cpu_ids:2 nr_node_ids:1
[    0.000000] percpu: Embedded 45 pages/cpu s147456 r8192 d28672 u1048576
[    0.000000] PV qspinlock hash table entries: 256 (order: 0, 4096 bytes)
[    0.000000] Built 1 zonelists, mobility grouping on.  Total pages: 515961
[    0.000000] Policy zone: DMA32
[    0.000000] Kernel command line: BOOT_IMAGE=/boot/vmlinuz-4.15.0-162-generic root=LABEL=cloudimg-rootfs ro console=tty1 console=ttyS0
[    0.000000] Memory: 2014904K/2096696K available (12300K kernel code, 2483K rwdata, 4320K rodata, 2448K init, 2724K bss, 81792K reserved, 0K cma-reserved)
[    0.000000] SLUB: HWalign=64, Order=0-3, MinObjects=0, CPUs=2, Nodes=1
[    0.000000] Kernel/User page tables isolation: enabled
[    0.000000] ftrace: allocating 39475 entries in 155 pages
[    0.004000] Hierarchical RCU implementation.
[    0.004000] 	RCU restricting CPUs from NR_CPUS=8192 to nr_cpu_ids=2.
[    0.004000] 	Tasks RCU enabled.
[    0.004000] RCU: Adjusting geometry for rcu_fanout_leaf=16, nr_cpu_ids=2
[    0.004000] NR_IRQS: 524544, nr_irqs: 440, preallocated irqs: 16
[    0.004000] Console: colour VGA+ 80x25
[    0.004000] console [tty1] enabled
[    0.004000] console [ttyS0] enabled
[    0.004000] ACPI: Core revision 20170831
[    0.004000] ACPI: 2 ACPI AML tables successfully acquired and loaded
[    0.004000] APIC: Switch to symmetric I/O mode setup
[    0.008000] ..TIMER: vector=0x30 apic1=0 pin1=2 apic2=-1 pin2=-1
[    0.008010] tsc: Detected 1991.999 MHz processor
[    0.012022] Calibrating delay loop (skipped) preset value.. 3983.99 BogoMIPS (lpj=7967996)
[    0.016007] pid_max: default: 32768 minimum: 301
[    0.020166] Security Framework initialized
[    0.024007] Yama: becoming mindful.
[    0.032009] AppArmor: AppArmor initialized
[    0.060857] Dentry cache hash table entries: 262144 (order: 9, 2097152 bytes)
[    0.078030] Inode-cache hash table entries: 131072 (order: 8, 1048576 bytes)
[    0.080367] Mount-cache hash table entries: 4096 (order: 3, 32768 bytes)
[    0.084326] Mountpoint-cache hash table entries: 4096 (order: 3, 32768 bytes)
[    0.095165] Last level iTLB entries: 4KB 64, 2MB 8, 4MB 8
[    0.096007] Last level dTLB entries: 4KB 64, 2MB 0, 4MB 0, 1GB 4
[    0.100008] Spectre V1 : Mitigation: usercopy/swapgs barriers and __user pointer sanitization
[    0.104007] Spectre V2 : Mitigation: Full generic retpoline
[    0.108005] Spectre V2 : Spectre v2 / SpectreRSB mitigation: Filling RSB on context switch
[    0.116008] Speculative Store Bypass: Vulnerable
[    0.120094] MDS: Mitigation: Clear CPU buffers
[    0.124369] Freeing SMP alternatives memory: 36K
[    0.245103] smpboot: CPU0: Intel(R) Core(TM) i7-8550U CPU @ 1.80GHz (family: 0x6, model: 0x8e, stepping: 0xa)
[    0.249174] Performance Events: unsupported p6 CPU model 142 no PMU driver, software events only.
[    0.252573] Hierarchical SRCU implementation.
[    0.257926] NMI watchdog: Perf event create on CPU 0 failed with -2
[    0.260006] NMI watchdog: Perf NMI watchdog permanently disabled
[    0.268169] smp: Bringing up secondary CPUs ...
[    0.276401] x86: Booting SMP configuration:
[    0.280006] .... node  #0, CPUs:      #1
[    0.004000] kvm-clock: cpu 1, msr 0:7ff44041, secondary cpu clock
[    0.314513] TSC synchronization [CPU#0 -> CPU#1]:
[    0.316000] Measured 76815 cycles TSC warp between CPUs, turning off TSC clock.
[    0.316000] tsc: Marking TSC unstable due to check_tsc_sync_source failed
[    0.324789] smp: Brought up 1 node, 2 CPUs
[    0.328011] smpboot: Max logical packages: 1
[    0.332009] smpboot: Total of 2 processors activated (7967.99 BogoMIPS)
[    0.341174] devtmpfs: initialized
[    0.348072] x86/mm: Memory block size: 128MB
[    0.357632] evm: security.selinux
[    0.360036] evm: security.SMACK64
[    0.364007] evm: security.SMACK64EXEC
[    0.368006] evm: security.SMACK64TRANSMUTE
[    0.372007] evm: security.SMACK64MMAP
[    0.376006] evm: security.apparmor
[    0.384010] evm: security.ima
[    0.388006] evm: security.capability
[    0.396507] clocksource: jiffies: mask: 0xffffffff max_cycles: 0xffffffff, max_idle_ns: 7645041785100000 ns
[    0.448272] futex hash table entries: 512 (order: 3, 32768 bytes)
[    0.452465] pinctrl core: initialized pinctrl subsystem
[    0.457884] RTC time: 16:47:03, date: 11/18/21
[    0.466904] NET: Registered protocol family 16
[    0.468453] audit: initializing netlink subsys (disabled)
[    0.472580] audit: type=2000 audit(1637254032.772:1): state=initialized audit_enabled=0 res=1
[    0.504030] cpuidle: using governor ladder
[    0.508373] cpuidle: using governor menu
[    0.512091] ACPI: bus type PCI registered
[    0.516011] acpiphp: ACPI Hot Plug PCI Controller Driver version: 0.5
[    0.524922] PCI: Using configuration type 1 for base access
[    0.540795] HugeTLB registered 2.00 MiB page size, pre-allocated 0 pages
[    0.552939] ACPI: Added _OSI(Module Device)
[    0.556317] ACPI: Added _OSI(Processor Device)
[    0.564010] ACPI: Added _OSI(3.0 _SCP Extensions)
[    0.568007] ACPI: Added _OSI(Processor Aggregator Device)
[    0.572017] ACPI: Added _OSI(Linux-Dell-Video)
[    0.576008] ACPI: Added _OSI(Linux-Lenovo-NV-HDMI-Audio)
[    0.580008] ACPI: Added _OSI(Linux-HPI-Hybrid-Graphics)
[    0.588127] ACPI: Executed 1 blocks of module-level executable AML code
[    0.608051] ACPI: Interpreter enabled
[    0.612029] ACPI: (supports S0 S5)
[    0.616007] ACPI: Using IOAPIC for interrupt routing
[    0.621035] PCI: Using host bridge windows from ACPI; if necessary, use "pci=nocrs" and report a bug
[    0.624682] ACPI: Enabled 2 GPEs in block 00 to 07
[    0.660045] ACPI: PCI Root Bridge [PCI0] (domain 0000 [bus 00-ff])
[    0.664016] acpi PNP0A03:00: _OSC: OS supports [ASPM ClockPM Segments MSI]
[    0.672629] acpi PNP0A03:00: _OSC: not requesting OS control; OS requires [ExtendedConfig ASPM ClockPM MSI]
[    0.676027] acpi PNP0A03:00: fail to add MMCONFIG information, can't access extended PCI configuration space under this bridge.
[    0.681937] PCI host bridge to bus 0000:00
[    0.684010] pci_bus 0000:00: root bus resource [io  0x0000-0x0cf7 window]
[    0.688009] pci_bus 0000:00: root bus resource [io  0x0d00-0xffff window]
[    0.692009] pci_bus 0000:00: root bus resource [mem 0x000a0000-0x000bffff window]
[    0.696009] pci_bus 0000:00: root bus resource [mem 0x80000000-0xfdffffff window]
[    0.700014] pci_bus 0000:00: root bus resource [bus 00-ff]
[    0.724350] pci 0000:00:01.1: legacy IDE quirk: reg 0x10: [io  0x01f0-0x01f7]
[    0.728008] pci 0000:00:01.1: legacy IDE quirk: reg 0x14: [io  0x03f6]
[    0.732009] pci 0000:00:01.1: legacy IDE quirk: reg 0x18: [io  0x0170-0x0177]
[    0.736008] pci 0000:00:01.1: legacy IDE quirk: reg 0x1c: [io  0x0376]
[    0.832878] pci 0000:00:07.0: quirk: [io  0x4000-0x403f] claimed by PIIX4 ACPI
[    0.836099] pci 0000:00:07.0: quirk: [io  0x4100-0x410f] claimed by PIIX4 SMB
[    0.882001] ACPI: PCI Interrupt Link [LNKA] (IRQs 5 9 10 *11)
[    0.885061] ACPI: PCI Interrupt Link [LNKB] (IRQs 5 9 *10 11)
[    0.888360] ACPI: PCI Interrupt Link [LNKC] (IRQs 5 *9 10 11)
[    0.896033] ACPI: PCI Interrupt Link [LNKD] (IRQs 5 9 10 *11)
[    0.901445] SCSI subsystem initialized
[    0.904586] pci 0000:00:02.0: vgaarb: setting as boot VGA device
[    0.908000] pci 0000:00:02.0: vgaarb: VGA device added: decodes=io+mem,owns=io+mem,locks=none
[    0.908013] pci 0000:00:02.0: vgaarb: bridge control possible
[    0.912006] vgaarb: loaded
[    0.916113] ACPI: bus type USB registered
[    0.920094] usbcore: registered new interface driver usbfs
[    0.924025] usbcore: registered new interface driver hub
[    0.928111] usbcore: registered new device driver usb
[    0.936324] EDAC MC: Ver: 3.0.0
[    0.944979] PCI: Using ACPI for IRQ routing
[    0.953912] NetLabel: Initializing
[    0.956009] NetLabel:  domain hash size = 128
[    0.960005] NetLabel:  protocols = UNLABELED CIPSOv4 CALIPSO
[    0.964463] NetLabel:  unlabeled traffic allowed by default
[    0.972742] clocksource: Switched to clocksource kvm-clock
[    1.089012] VFS: Disk quotas dquot_6.6.0
[    1.089012] VFS: Dquot-cache hash table entries: 512 (order 0, 4096 bytes)
[    1.089012] AppArmor: AppArmor Filesystem Enabled
[    1.089012] pnp: PnP ACPI init
[    1.089012] pnp: PnP ACPI: found 3 devices
[    1.306785] clocksource: acpi_pm: mask: 0xffffff max_cycles: 0xffffff, max_idle_ns: 2085701024 ns
[    1.308779] NET: Registered protocol family 2
[    1.308779] IP idents hash table entries: 32768 (order: 6, 262144 bytes)
[    1.364701] TCP established hash table entries: 16384 (order: 5, 131072 bytes)
[    1.387881] TCP bind hash table entries: 16384 (order: 6, 262144 bytes)
[    1.410027] TCP: Hash tables configured (established 16384 bind 16384)
[    1.410027] UDP hash table entries: 1024 (order: 3, 32768 bytes)
[    1.410027] UDP-Lite hash table entries: 1024 (order: 3, 32768 bytes)
[    1.410027] NET: Registered protocol family 1
[    1.410027] pci 0000:00:00.0: Limiting direct PCI/PCI transfers
[    1.410027] pci 0000:00:01.0: Activating ISA DMA hang workarounds
[    1.410027] pci 0000:00:02.0: Video device with shadowed ROM at [mem 0x000c0000-0x000dffff]
[    1.410027] Unpacking initramfs...
[    3.042118] Freeing initrd memory: 19524K
[    3.056651] clocksource: tsc: mask: 0xffffffffffffffff max_cycles: 0x396d4ffc055, max_idle_ns: 881590662783 ns
[    3.085789] platform rtc_cmos: registered platform RTC device (no PNP device found)
[    3.109604] Scanning for low memory corruption every 60 seconds
[    3.135166] Initialise system trusted keyrings
[    3.149794] Key type blacklist registered
[    3.166074] workingset: timestamp_bits=36 max_order=19 bucket_order=0
[    3.195947] zbud: loaded
[    3.209554] squashfs: version 4.0 (2009/01/31) Phillip Lougher
[    3.229484] fuse init (API version 7.26)
[    3.325788] Key type asymmetric registered
[    3.340023] Asymmetric key parser 'x509' registered
[    3.358615] Block layer SCSI generic (bsg) driver version 0.4 loaded (major 246)
[    3.386040] io scheduler noop registered
[    3.400035] io scheduler deadline registered
[    3.415284] io scheduler cfq registered (default)
[    3.429119] ACPI: AC Adapter [AC] (off-line)
[    3.440915] input: Power Button as /devices/LNXSYSTM:00/LNXPWRBN:00/input/input0
[    3.462712] ACPI: Power Button [PWRF]
[    3.473843] input: Sleep Button as /devices/LNXSYSTM:00/LNXSLPBN:00/input/input1
[    3.494889] ACPI: Sleep Button [SLPF]
[    3.513792] Serial: 8250/16550 driver, 32 ports, IRQ sharing enabled
[    3.514855] ACPI: Battery Slot [BAT0] (battery present)
[    3.583637] 00:02: ttyS0 at I/O 0x3f8 (irq = 4, base_baud = 115200) is a 16550A
[    3.618153] Linux agpgart interface v0.103
[    3.646372] loop: module loaded
[    3.664988] scsi host0: ata_piix
[    3.678044] scsi host1: ata_piix
[    3.689012] ata1: PATA max UDMA/33 cmd 0x1f0 ctl 0x3f6 bmdma 0xd000 irq 14
[    3.708343] ata2: PATA max UDMA/33 cmd 0x170 ctl 0x376 bmdma 0xd008 irq 15
[    3.728696] libphy: Fixed MDIO Bus: probed
[    3.742277] tun: Universal TUN/TAP device driver, 1.6
[    3.763512] PPP generic driver version 2.4.2
[    3.777398] ehci_hcd: USB 2.0 'Enhanced' Host Controller (EHCI) Driver
[    3.795590] ehci-pci: EHCI PCI platform driver
[    3.808127] ehci-platform: EHCI generic platform driver
[    3.823100] ohci_hcd: USB 1.1 'Open' Host Controller (OHCI) Driver
[    3.840913] ohci-pci: OHCI PCI platform driver
[    3.854601] ohci-platform: OHCI generic platform driver
[    3.869749] uhci_hcd: USB Universal Host Controller Interface driver
[    3.887955] i8042: PNP: PS/2 Controller [PNP0303:PS2K,PNP0f03:PS2M] at 0x60,0x64 irq 1,12
[    3.972395] serio: i8042 KBD port at 0x60,0x64 irq 1
[    3.986744] serio: i8042 AUX port at 0x60,0x64 irq 12
[    4.030740] mousedev: PS/2 mouse device common for all mice
[    4.059618] rtc_cmos rtc_cmos: rtc core: registered rtc_cmos as rtc0
[    4.079937] input: AT Translated Set 2 keyboard as /devices/platform/i8042/serio0/input/input2
[    4.103764] rtc_cmos rtc_cmos: alarms up to one day, 114 bytes nvram
[    4.121421] i2c /dev entries driver
[    4.132412] device-mapper: uevent: version 1.0.3
[    4.146821] device-mapper: ioctl: 4.37.0-ioctl (2017-09-20) initialised: dm-devel@redhat.com
[    4.171773] ledtrig-cpu: registered to indicate activity on CPUs
[    4.196999] NET: Registered protocol family 10
[    4.240892] Segment Routing with IPv6
[    4.253982] NET: Registered protocol family 17
[    4.268948] Key type dns_resolver registered
[    4.285773] mce: Using 0 MCE banks
[    4.298607] RAS: Correctable Errors collector initialized.
[    4.315351] sched_clock: Marking stable (4315215269, 0)->(8338939123, -4023723854)
[    4.342730] registered taskstats version 1
[    4.354587] Loading compiled-in X.509 certificates
[    4.381459] Loaded X.509 cert 'Build time autogenerated kernel key: ebed311aedd59d9a851620769f4a146e4e1d43c6'
[    4.412782] Loaded X.509 cert 'Canonical Ltd. Live Patch Signing: 14df34d1a87cf37625abec039ef2bf521249b969'
[    4.442782] Loaded X.509 cert 'Canonical Ltd. Kernel Module Signing: 88f752e560a1e0737e31163a466ad7b70a850c19'
[    4.472278] zswap: loaded using pool lzo/zbud
[    4.514292] Key type big_key registered
[    4.526956] Key type trusted registered
[    4.549911] Key type encrypted registered
[    4.562482] AppArmor: AppArmor sha1 policy hashing enabled
[    4.579092] ima: No TPM chip found, activating TPM-bypass! (rc=-19)
[    4.597872] ima: Allocated hash algorithm: sha1
[    4.611829] evm: HMAC attrs: 0x1
[    4.624038]   Magic number: 13:317:793
[    4.637360] rtc_cmos rtc_cmos: setting system clock to 2021-11-18 16:47:08 UTC (1637254028)
[    4.661894] BIOS EDD facility v0.16 2004-Jun-25, 0 devices found
[    4.678893] EDD information not available.
[    4.699403] Freeing unused kernel image memory: 2448K
[    4.725381] Write protecting the kernel read-only data: 20480k
[    4.749542] Freeing unused kernel image memory: 2008K
[    4.770776] Freeing unused kernel image memory: 1824K
[    4.808864] x86/mm: Checked W+X mappings: passed, no W+X pages found.
[    4.827804] x86/mm: Checking user space page tables
[    4.854315] x86/mm: Checked W+X mappings: passed, no W+X pages found.
Loading, please wait...
starting version 237
[    5.238935] Fusion MPT base driver 3.04.20
[    5.253302] Copyright (c) 1999-2008 LSI Corporation
[    5.272030] e1000: Intel(R) PRO/1000 Network Driver - version 7.3.21-k8-NAPI
[    5.296731] e1000: Copyright (c) 1999-2006 Intel Corporation.
[    5.444544] Fusion MPT SPI Host driver 3.04.20
[    5.668649] input: ImExPS/2 Generic Explorer Mouse as /devices/platform/i8042/serio1/input/input4
[    6.752953] e1000 0000:00:03.0 eth0: (PCI:33MHz:32-bit) 02:75:2e:1a:60:96
[    6.766650] e1000 0000:00:03.0 eth0: Intel(R) PRO/1000 Network Connection
[    8.118665] e1000 0000:00:08.0 eth1: (PCI:33MHz:32-bit) 08:00:27:6f:34:3e
[    8.139868] e1000 0000:00:08.0 eth1: Intel(R) PRO/1000 Network Connection
[    8.169043] e1000 0000:00:03.0 enp0s3: renamed from eth0
[    8.191821] mptbase: ioc0: Initiating bringup
[    8.227370] e1000 0000:00:08.0 enp0s8: renamed from eth1
[    8.337088] ioc0: LSI53C1030 A0: Capabilities={Initiator}
[    8.670386] scsi host2: ioc0: LSI53C1030 A0, FwRev=00000000h, Ports=1, MaxQ=256, IRQ=20
[    8.887225] scsi 2:0:0:0: Direct-Access     VBOX     HARDDISK         1.0  PQ: 0 ANSI: 5
[    9.095154] scsi target2:0:0: Beginning Domain Validation
[    9.155358] random: fast init done
[    9.177512] scsi target2:0:0: Domain Validation skipping write tests
[    9.206305] scsi target2:0:0: Ending Domain Validation
[    9.233897] scsi target2:0:0: asynchronous
[    9.268423] scsi 2:0:1:0: Direct-Access     VBOX     HARDDISK         1.0  PQ: 0 ANSI: 5
[   10.434600] scsi target2:0:1: Beginning Domain Validation
[   10.496070] scsi target2:0:1: Domain Validation skipping write tests
[   10.525114] scsi target2:0:1: Ending Domain Validation
[   10.551506] scsi target2:0:1: asynchronous
[   10.627254] random: systemd-udevd: uninitialized urandom read (16 bytes read)
[   10.661120] random: systemd-udevd: uninitialized urandom read (16 bytes read)
[   10.694688] random: systemd-udevd: uninitialized urandom read (16 bytes read)
[   10.727055] sd 2:0:0:0: Attached scsi generic sg0 type 0
[   10.728595] sd 2:0:0:0: [sda] 83886080 512-byte logical blocks: (42.9 GB/40.0 GiB)
[   10.765501] sd 2:0:0:0: [sda] Write Protect is off
[   10.783345] sd 2:0:1:0: Attached scsi generic sg1 type 0
[   10.800504] sd 2:0:0:0: [sda] Incomplete mode parameter data
[   10.817010] sd 2:0:0:0: [sda] Assuming drive cache: write through
[   10.835771] sd 2:0:1:0: [sdb] 20480 512-byte logical blocks: (10.5 MB/10.0 MiB)
[   10.848668]  sda: sda1
[   10.870194] sd 2:0:1:0: [sdb] Write Protect is off
[   10.877812] sd 2:0:0:0: [sda] Attached SCSI disk
[   10.902375] sd 2:0:1:0: [sdb] Incomplete mode parameter data
[   10.919959] sd 2:0:1:0: [sdb] Assuming drive cache: write through
[   10.965857] sd 2:0:1:0: [sdb] Attached SCSI disk
Begin: Loading essential drivers ... 